[NORMAL][日期:2022-7-24 第204天 星期1时间:22:11:44][获取index单例成功...][searcher.hpp 29]
[NORMAL][日期:2022-7-24 第204天 星期1时间:22:11:45][当前已经建立的索引文档数目: 50][index.hpp 129]
[NORMAL][日期:2022-7-24 第204天 星期1时间:22:11:47][当前已经建立的索引文档数目: 100][index.hpp 129]
[NORMAL][日期:2022-7-24 第204天 星期1时间:22:11:48][当前已经建立的索引文档数目: 150][index.hpp 129]
[NORMAL][日期:2022-7-24 第204天 星期1时间:22:11:49][当前已经建立的索引文档数目: 200][index.hpp 129]
[NORMAL][日期:2022-7-24 第204天 星期1时间:22:11:50][当前已经建立的索引文档数目: 250][index.hpp 129]
[NORMAL][日期:2022-7-24 第204天 星期1时间:22:11:50][当前已经建立的索引文档数目: 300][index.hpp 129]
[NORMAL][日期:2022-7-24 第204天 星期1时间:22:11:50][当前已经建立的索引文档数目: 350][index.hpp 129]
[NORMAL][日期:2022-7-24 第204天 星期1时间:22:11:50][当前已经建立的索引文档数目: 400][index.hpp 129]
[NORMAL][日期:2022-7-24 第204天 星期1时间:22:11:50][当前已经建立的索引文档数目: 450][index.hpp 129]
[NORMAL][日期:2022-7-24 第204天 星期1时间:22:11:50][当前已经建立的索引文档数目: 500][index.hpp 129]
[NORMAL][日期:2022-7-24 第204天 星期1时间:22:11:50][当前已经建立的索引文档数目: 550][index.hpp 129]
[NORMAL][日期:2022-7-24 第204天 星期1时间:22:11:50][当前已经建立的索引文档数目: 600][index.hpp 129]
[NORMAL][日期:2022-7-24 第204天 星期1时间:22:11:50][当前已经建立的索引文档数目: 650][index.hpp 129]
[NORMAL][日期:2022-7-24 第204天 星期1时间:22:11:51][当前已经建立的索引文档数目: 700][index.hpp 129]
[NORMAL][日期:2022-7-24 第204天 星期1时间:22:11:51][当前已经建立的索引文档数目: 750][index.hpp 129]
[NORMAL][日期:2022-7-24 第204天 星期1时间:22:11:51][当前已经建立的索引文档数目: 800][index.hpp 129]
[NORMAL][日期:2022-7-24 第204天 星期1时间:22:11:51][当前已经建立的索引文档数目: 850][index.hpp 129]
[NORMAL][日期:2022-7-24 第204天 星期1时间:22:11:51][当前已经建立的索引文档数目: 900][index.hpp 129]
[NORMAL][日期:2022-7-24 第204天 星期1时间:22:11:51][当前已经建立的索引文档数目: 950][index.hpp 129]
[NORMAL][日期:2022-7-24 第204天 星期1时间:22:11:51][当前已经建立的索引文档数目: 1000][index.hpp 129]
[NORMAL][日期:2022-7-24 第204天 星期1时间:22:11:52][当前已经建立的索引文档数目: 1050][index.hpp 129]
[NORMAL][日期:2022-7-24 第204天 星期1时间:22:11:52][当前已经建立的索引文档数目: 1100][index.hpp 129]
[NORMAL][日期:2022-7-24 第204天 星期1时间:22:11:52][当前已经建立的索引文档数目: 1150][index.hpp 129]
[NORMAL][日期:2022-7-24 第204天 星期1时间:22:11:52][当前已经建立的索引文档数目: 1200][index.hpp 129]
[NORMAL][日期:2022-7-24 第204天 星期1时间:22:11:52][当前已经建立的索引文档数目: 1250][index.hpp 129]
[NORMAL][日期:2022-7-24 第204天 星期1时间:22:11:52][当前已经建立的索引文档数目: 1300][index.hpp 129]
[NORMAL][日期:2022-7-24 第204天 星期1时间:22:11:52][当前已经建立的索引文档数目: 1350][index.hpp 129]
[NORMAL][日期:2022-7-24 第204天 星期1时间:22:11:52][当前已经建立的索引文档数目: 1400][index.hpp 129]
[NORMAL][日期:2022-7-24 第204天 星期1时间:22:11:52][当前已经建立的索引文档数目: 1450][index.hpp 129]
[NORMAL][日期:2022-7-24 第204天 星期1时间:22:11:53][当前已经建立的索引文档数目: 1500][index.hpp 129]
[NORMAL][日期:2022-7-24 第204天 星期1时间:22:11:53][当前已经建立的索引文档数目: 1550][index.hpp 129]
[NORMAL][日期:2022-7-24 第204天 星期1时间:22:11:53][当前已经建立的索引文档数目: 1600][index.hpp 129]
[NORMAL][日期:2022-7-24 第204天 星期1时间:22:11:53][当前已经建立的索引文档数目: 1650][index.hpp 129]
[NORMAL][日期:2022-7-24 第204天 星期1时间:22:11:53][当前已经建立的索引文档数目: 1700][index.hpp 129]
[NORMAL][日期:2022-7-24 第204天 星期1时间:22:11:53][当前已经建立的索引文档数目: 1750][index.hpp 129]
[NORMAL][日期:2022-7-24 第204天 星期1时间:22:11:53][当前已经建立的索引文档数目: 1800][index.hpp 129]
[NORMAL][日期:2022-7-24 第204天 星期1时间:22:11:53][当前已经建立的索引文档数目: 1850][index.hpp 129]
[NORMAL][日期:2022-7-24 第204天 星期1时间:22:11:53][当前已经建立的索引文档数目: 1900][index.hpp 129]
[NORMAL][日期:2022-7-24 第204天 星期1时间:22:11:54][当前已经建立的索引文档数目: 1950][index.hpp 129]
[NORMAL][日期:2022-7-24 第204天 星期1时间:22:11:54][当前已经建立的索引文档数目: 2000][index.hpp 129]
[NORMAL][日期:2022-7-24 第204天 星期1时间:22:11:55][当前已经建立的索引文档数目: 2050][index.hpp 129]
[NORMAL][日期:2022-7-24 第204天 星期1时间:22:11:55][当前已经建立的索引文档数目: 2100][index.hpp 129]
[NORMAL][日期:2022-7-24 第204天 星期1时间:22:11:56][当前已经建立的索引文档数目: 2150][index.hpp 129]
[NORMAL][日期:2022-7-24 第204天 星期1时间:22:11:56][当前已经建立的索引文档数目: 2200][index.hpp 129]
[NORMAL][日期:2022-7-24 第204天 星期1时间:22:11:56][当前已经建立的索引文档数目: 2250][index.hpp 129]
[NORMAL][日期:2022-7-24 第204天 星期1时间:22:11:56][当前已经建立的索引文档数目: 2300][index.hpp 129]
[NORMAL][日期:2022-7-24 第204天 星期1时间:22:11:56][当前已经建立的索引文档数目: 2350][index.hpp 129]
[NORMAL][日期:2022-7-24 第204天 星期1时间:22:11:57][当前已经建立的索引文档数目: 2400][index.hpp 129]
[NORMAL][日期:2022-7-24 第204天 星期1时间:22:11:57][当前已经建立的索引文档数目: 2450][index.hpp 129]
[NORMAL][日期:2022-7-24 第204天 星期1时间:22:11:57][当前已经建立的索引文档数目: 2500][index.hpp 129]
[NORMAL][日期:2022-7-24 第204天 星期1时间:22:11:57][当前已经建立的索引文档数目: 2550][index.hpp 129]
[NORMAL][日期:2022-7-24 第204天 星期1时间:22:11:57][当前已经建立的索引文档数目: 2600][index.hpp 129]
[NORMAL][日期:2022-7-24 第204天 星期1时间:22:11:57][当前已经建立的索引文档数目: 2650][index.hpp 129]
[NORMAL][日期:2022-7-24 第204天 星期1时间:22:11:57][当前已经建立的索引文档数目: 2700][index.hpp 129]
[NORMAL][日期:2022-7-24 第204天 星期1时间:22:11:57][当前已经建立的索引文档数目: 2750][index.hpp 129]
[NORMAL][日期:2022-7-24 第204天 星期1时间:22:11:58][当前已经建立的索引文档数目: 2800][index.hpp 129]
[NORMAL][日期:2022-7-24 第204天 星期1时间:22:11:58][当前已经建立的索引文档数目: 2850][index.hpp 129]
[NORMAL][日期:2022-7-24 第204天 星期1时间:22:11:59][当前已经建立的索引文档数目: 2900][index.hpp 129]
[NORMAL][日期:2022-7-24 第204天 星期1时间:22:11:59][当前已经建立的索引文档数目: 2950][index.hpp 129]
[NORMAL][日期:2022-7-24 第204天 星期1时间:22:11:59][当前已经建立的索引文档数目: 3000][index.hpp 129]
[NORMAL][日期:2022-7-24 第204天 星期1时间:22:11:59][当前已经建立的索引文档数目: 3050][index.hpp 129]
[NORMAL][日期:2022-7-24 第204天 星期1时间:22:11:59][当前已经建立的索引文档数目: 3100][index.hpp 129]
[NORMAL][日期:2022-7-24 第204天 星期1时间:22:11:59][当前已经建立的索引文档数目: 3150][index.hpp 129]
[NORMAL][日期:2022-7-24 第204天 星期1时间:22:12:0][当前已经建立的索引文档数目: 3200][index.hpp 129]
[NORMAL][日期:2022-7-24 第204天 星期1时间:22:12:0][当前已经建立的索引文档数目: 3250][index.hpp 129]
[NORMAL][日期:2022-7-24 第204天 星期1时间:22:12:0][当前已经建立的索引文档数目: 3300][index.hpp 129]
[NORMAL][日期:2022-7-24 第204天 星期1时间:22:12:0][当前已经建立的索引文档数目: 3350][index.hpp 129]
[NORMAL][日期:2022-7-24 第204天 星期1时间:22:12:0][当前已经建立的索引文档数目: 3400][index.hpp 129]
[NORMAL][日期:2022-7-24 第204天 星期1时间:22:12:0][当前已经建立的索引文档数目: 3450][index.hpp 129]
[NORMAL][日期:2022-7-24 第204天 星期1时间:22:12:0][当前已经建立的索引文档数目: 3500][index.hpp 129]
[NORMAL][日期:2022-7-24 第204天 星期1时间:22:12:1][当前已经建立的索引文档数目: 3550][index.hpp 129]
[NORMAL][日期:2022-7-24 第204天 星期1时间:22:12:1][当前已经建立的索引文档数目: 3600][index.hpp 129]
[NORMAL][日期:2022-7-24 第204天 星期1时间:22:12:1][当前已经建立的索引文档数目: 3650][index.hpp 129]
[NORMAL][日期:2022-7-24 第204天 星期1时间:22:12:1][当前已经建立的索引文档数目: 3700][index.hpp 129]
[NORMAL][日期:2022-7-24 第204天 星期1时间:22:12:1][当前已经建立的索引文档数目: 3750][index.hpp 129]
[NORMAL][日期:2022-7-24 第204天 星期1时间:22:12:1][当前已经建立的索引文档数目: 3800][index.hpp 129]
[NORMAL][日期:2022-7-24 第204天 星期1时间:22:12:1][当前已经建立的索引文档数目: 3850][index.hpp 129]
[NORMAL][日期:2022-7-24 第204天 星期1时间:22:12:2][当前已经建立的索引文档数目: 3900][index.hpp 129]
[NORMAL][日期:2022-7-24 第204天 星期1时间:22:12:2][当前已经建立的索引文档数目: 3950][index.hpp 129]
[NORMAL][日期:2022-7-24 第204天 星期1时间:22:12:2][当前已经建立的索引文档数目: 4000][index.hpp 129]
[NORMAL][日期:2022-7-24 第204天 星期1时间:22:12:2][当前已经建立的索引文档数目: 4050][index.hpp 129]
[NORMAL][日期:2022-7-24 第204天 星期1时间:22:12:2][当前已经建立的索引文档数目: 4100][index.hpp 129]
[NORMAL][日期:2022-7-24 第204天 星期1时间:22:12:2][当前已经建立的索引文档数目: 4150][index.hpp 129]
[NORMAL][日期:2022-7-24 第204天 星期1时间:22:12:2][当前已经建立的索引文档数目: 4200][index.hpp 129]
[NORMAL][日期:2022-7-24 第204天 星期1时间:22:12:3][当前已经建立的索引文档数目: 4250][index.hpp 129]
[NORMAL][日期:2022-7-24 第204天 星期1时间:22:12:3][当前已经建立的索引文档数目: 4300][index.hpp 129]
[NORMAL][日期:2022-7-24 第204天 星期1时间:22:12:3][当前已经建立的索引文档数目: 4350][index.hpp 129]
[NORMAL][日期:2022-7-24 第204天 星期1时间:22:12:3][当前已经建立的索引文档数目: 4400][index.hpp 129]
[NORMAL][日期:2022-7-24 第204天 星期1时间:22:12:3][当前已经建立的索引文档数目: 4450][index.hpp 129]
[NORMAL][日期:2022-7-24 第204天 星期1时间:22:12:3][当前已经建立的索引文档数目: 4500][index.hpp 129]
[NORMAL][日期:2022-7-24 第204天 星期1时间:22:12:3][当前已经建立的索引文档数目: 4550][index.hpp 129]
[NORMAL][日期:2022-7-24 第204天 星期1时间:22:12:3][当前已经建立的索引文档数目: 4600][index.hpp 129]
[NORMAL][日期:2022-7-24 第204天 星期1时间:22:12:4][当前已经建立的索引文档数目: 4650][index.hpp 129]
[NORMAL][日期:2022-7-24 第204天 星期1时间:22:12:4][当前已经建立的索引文档数目: 4700][index.hpp 129]
[NORMAL][日期:2022-7-24 第204天 星期1时间:22:12:4][当前已经建立的索引文档数目: 4750][index.hpp 129]
[NORMAL][日期:2022-7-24 第204天 星期1时间:22:12:4][当前已经建立的索引文档数目: 4800][index.hpp 129]
[NORMAL][日期:2022-7-24 第204天 星期1时间:22:12:4][当前已经建立的索引文档数目: 4850][index.hpp 129]
[NORMAL][日期:2022-7-24 第204天 星期1时间:22:12:4][当前已经建立的索引文档数目: 4900][index.hpp 129]
[NORMAL][日期:2022-7-24 第204天 星期1时间:22:12:4][当前已经建立的索引文档数目: 4950][index.hpp 129]
[NORMAL][日期:2022-7-24 第204天 星期1时间:22:12:4][当前已经建立的索引文档数目: 5000][index.hpp 129]
[NORMAL][日期:2022-7-24 第204天 星期1时间:22:12:5][当前已经建立的索引文档数目: 5050][index.hpp 129]
[NORMAL][日期:2022-7-24 第204天 星期1时间:22:12:5][当前已经建立的索引文档数目: 5100][index.hpp 129]
[NORMAL][日期:2022-7-24 第204天 星期1时间:22:12:5][当前已经建立的索引文档数目: 5150][index.hpp 129]
[NORMAL][日期:2022-7-24 第204天 星期1时间:22:12:5][当前已经建立的索引文档数目: 5200][index.hpp 129]
[NORMAL][日期:2022-7-24 第204天 星期1时间:22:12:5][当前已经建立的索引文档数目: 5250][index.hpp 129]
[NORMAL][日期:2022-7-24 第204天 星期1时间:22:12:5][当前已经建立的索引文档数目: 5300][index.hpp 129]
[NORMAL][日期:2022-7-24 第204天 星期1时间:22:12:5][当前已经建立的索引文档数目: 5350][index.hpp 129]
[NORMAL][日期:2022-7-24 第204天 星期1时间:22:12:5][当前已经建立的索引文档数目: 5400][index.hpp 129]
[NORMAL][日期:2022-7-24 第204天 星期1时间:22:12:6][当前已经建立的索引文档数目: 5450][index.hpp 129]
[NORMAL][日期:2022-7-24 第204天 星期1时间:22:12:6][当前已经建立的索引文档数目: 5500][index.hpp 129]
[NORMAL][日期:2022-7-24 第204天 星期1时间:22:12:6][当前已经建立的索引文档数目: 5550][index.hpp 129]
[NORMAL][日期:2022-7-24 第204天 星期1时间:22:12:6][当前已经建立的索引文档数目: 5600][index.hpp 129]
[NORMAL][日期:2022-7-24 第204天 星期1时间:22:12:6][当前已经建立的索引文档数目: 5650][index.hpp 129]
[NORMAL][日期:2022-7-24 第204天 星期1时间:22:12:6][当前已经建立的索引文档数目: 5700][index.hpp 129]
[NORMAL][日期:2022-7-24 第204天 星期1时间:22:12:6][当前已经建立的索引文档数目: 5750][index.hpp 129]
[NORMAL][日期:2022-7-24 第204天 星期1时间:22:12:7][当前已经建立的索引文档数目: 5800][index.hpp 129]
[NORMAL][日期:2022-7-24 第204天 星期1时间:22:12:7][当前已经建立的索引文档数目: 5850][index.hpp 129]
[NORMAL][日期:2022-7-24 第204天 星期1时间:22:12:7][当前已经建立的索引文档数目: 5900][index.hpp 129]
[NORMAL][日期:2022-7-24 第204天 星期1时间:22:12:7][当前已经建立的索引文档数目: 5950][index.hpp 129]
[NORMAL][日期:2022-7-24 第204天 星期1时间:22:12:7][当前已经建立的索引文档数目: 6000][index.hpp 129]
[NORMAL][日期:2022-7-24 第204天 星期1时间:22:12:7][当前已经建立的索引文档数目: 6050][index.hpp 129]
[NORMAL][日期:2022-7-24 第204天 星期1时间:22:12:7][当前已经建立的索引文档数目: 6100][index.hpp 129]
[NORMAL][日期:2022-7-24 第204天 星期1时间:22:12:7][当前已经建立的索引文档数目: 6150][index.hpp 129]
[NORMAL][日期:2022-7-24 第204天 星期1时间:22:12:7][当前已经建立的索引文档数目: 6200][index.hpp 129]
[NORMAL][日期:2022-7-24 第204天 星期1时间:22:12:8][当前已经建立的索引文档数目: 6250][index.hpp 129]
[NORMAL][日期:2022-7-24 第204天 星期1时间:22:12:8][当前已经建立的索引文档数目: 6300][index.hpp 129]
[NORMAL][日期:2022-7-24 第204天 星期1时间:22:12:8][当前已经建立的索引文档数目: 6350][index.hpp 129]
[NORMAL][日期:2022-7-24 第204天 星期1时间:22:12:8][当前已经建立的索引文档数目: 6400][index.hpp 129]
[NORMAL][日期:2022-7-24 第204天 星期1时间:22:12:8][当前已经建立的索引文档数目: 6450][index.hpp 129]
[NORMAL][日期:2022-7-24 第204天 星期1时间:22:12:8][当前已经建立的索引文档数目: 6500][index.hpp 129]
[NORMAL][日期:2022-7-24 第204天 星期1时间:22:12:8][当前已经建立的索引文档数目: 6550][index.hpp 129]
[NORMAL][日期:2022-7-24 第204天 星期1时间:22:12:8][当前已经建立的索引文档数目: 6600][index.hpp 129]
[NORMAL][日期:2022-7-24 第204天 星期1时间:22:12:9][当前已经建立的索引文档数目: 6650][index.hpp 129]
[NORMAL][日期:2022-7-24 第204天 星期1时间:22:12:9][当前已经建立的索引文档数目: 6700][index.hpp 129]
[NORMAL][日期:2022-7-24 第204天 星期1时间:22:12:9][当前已经建立的索引文档数目: 6750][index.hpp 129]
[NORMAL][日期:2022-7-24 第204天 星期1时间:22:12:9][当前已经建立的索引文档数目: 6800][index.hpp 129]
[NORMAL][日期:2022-7-24 第204天 星期1时间:22:12:9][当前已经建立的索引文档数目: 6850][index.hpp 129]
[NORMAL][日期:2022-7-24 第204天 星期1时间:22:12:9][当前已经建立的索引文档数目: 6900][index.hpp 129]
[NORMAL][日期:2022-7-24 第204天 星期1时间:22:12:9][当前已经建立的索引文档数目: 6950][index.hpp 129]
[NORMAL][日期:2022-7-24 第204天 星期1时间:22:12:9][当前已经建立的索引文档数目: 7000][index.hpp 129]
[NORMAL][日期:2022-7-24 第204天 星期1时间:22:12:10][当前已经建立的索引文档数目: 7050][index.hpp 129]
[NORMAL][日期:2022-7-24 第204天 星期1时间:22:12:10][当前已经建立的索引文档数目: 7100][index.hpp 129]
[NORMAL][日期:2022-7-24 第204天 星期1时间:22:12:10][当前已经建立的索引文档数目: 7150][index.hpp 129]
[NORMAL][日期:2022-7-24 第204天 星期1时间:22:12:10][当前已经建立的索引文档数目: 7200][index.hpp 129]
[NORMAL][日期:2022-7-24 第204天 星期1时间:22:12:10][当前已经建立的索引文档数目: 7250][index.hpp 129]
[NORMAL][日期:2022-7-24 第204天 星期1时间:22:12:10][当前已经建立的索引文档数目: 7300][index.hpp 129]
[NORMAL][日期:2022-7-24 第204天 星期1时间:22:12:10][当前已经建立的索引文档数目: 7350][index.hpp 129]
[NORMAL][日期:2022-7-24 第204天 星期1时间:22:12:10][当前已经建立的索引文档数目: 7400][index.hpp 129]
[NORMAL][日期:2022-7-24 第204天 星期1时间:22:12:10][当前已经建立的索引文档数目: 7450][index.hpp 129]
[NORMAL][日期:2022-7-24 第204天 星期1时间:22:12:11][当前已经建立的索引文档数目: 7500][index.hpp 129]
[NORMAL][日期:2022-7-24 第204天 星期1时间:22:12:11][当前已经建立的索引文档数目: 7550][index.hpp 129]
[NORMAL][日期:2022-7-24 第204天 星期1时间:22:12:11][当前已经建立的索引文档数目: 7600][index.hpp 129]
[NORMAL][日期:2022-7-24 第204天 星期1时间:22:12:11][当前已经建立的索引文档数目: 7650][index.hpp 129]
[NORMAL][日期:2022-7-24 第204天 星期1时间:22:12:11][当前已经建立的索引文档数目: 7700][index.hpp 129]
[NORMAL][日期:2022-7-24 第204天 星期1时间:22:12:12][当前已经建立的索引文档数目: 7750][index.hpp 129]
[NORMAL][日期:2022-7-24 第204天 星期1时间:22:12:13][当前已经建立的索引文档数目: 7800][index.hpp 129]
[NORMAL][日期:2022-7-24 第204天 星期1时间:22:12:13][当前已经建立的索引文档数目: 7850][index.hpp 129]
[NORMAL][日期:2022-7-24 第204天 星期1时间:22:12:13][当前已经建立的索引文档数目: 7900][index.hpp 129]
[NORMAL][日期:2022-7-24 第204天 星期1时间:22:12:14][当前已经建立的索引文档数目: 7950][index.hpp 129]
[NORMAL][日期:2022-7-24 第204天 星期1时间:22:12:15][当前已经建立的索引文档数目: 8000][index.hpp 129]
[NORMAL][日期:2022-7-24 第204天 星期1时间:22:12:16][当前已经建立的索引文档数目: 8050][index.hpp 129]
[NORMAL][日期:2022-7-24 第204天 星期1时间:22:12:18][当前已经建立的索引文档数目: 8100][index.hpp 129]
[NORMAL][日期:2022-7-24 第204天 星期1时间:22:12:19][建立正排索引和倒排索引成功][searcher.hpp 33]
[NORMAL][日期:2022-7-24 第204天 星期1时间:22:12:19][服务启动成功...][http_server.cc 36]
[NORMAL][日期:2022-7-24 第204天 星期1时间:22:15:16][获取index单例成功...][searcher.hpp 29]
[NORMAL][日期:2022-7-24 第204天 星期1时间:22:15:17][当前已经建立的索引文档数目: 50][index.hpp 129]
[NORMAL][日期:2022-7-24 第204天 星期1时间:22:15:19][当前已经建立的索引文档数目: 100][index.hpp 129]
[NORMAL][日期:2022-7-24 第204天 星期1时间:22:15:20][当前已经建立的索引文档数目: 150][index.hpp 129]
[NORMAL][日期:2022-7-24 第204天 星期1时间:22:15:21][当前已经建立的索引文档数目: 200][index.hpp 129]
[NORMAL][日期:2022-7-24 第204天 星期1时间:22:15:21][当前已经建立的索引文档数目: 250][index.hpp 129]
[NORMAL][日期:2022-7-24 第204天 星期1时间:22:15:22][当前已经建立的索引文档数目: 300][index.hpp 129]
[NORMAL][日期:2022-7-24 第204天 星期1时间:22:15:22][当前已经建立的索引文档数目: 350][index.hpp 129]
[NORMAL][日期:2022-7-24 第204天 星期1时间:22:15:22][当前已经建立的索引文档数目: 400][index.hpp 129]
[NORMAL][日期:2022-7-24 第204天 星期1时间:22:15:22][当前已经建立的索引文档数目: 450][index.hpp 129]
[NORMAL][日期:2022-7-24 第204天 星期1时间:22:15:22][当前已经建立的索引文档数目: 500][index.hpp 129]
[NORMAL][日期:2022-7-24 第204天 星期1时间:22:15:22][当前已经建立的索引文档数目: 550][index.hpp 129]
[NORMAL][日期:2022-7-24 第204天 星期1时间:22:15:22][当前已经建立的索引文档数目: 600][index.hpp 129]
[NORMAL][日期:2022-7-24 第204天 星期1时间:22:15:22][当前已经建立的索引文档数目: 650][index.hpp 129]
[NORMAL][日期:2022-7-24 第204天 星期1时间:22:15:22][当前已经建立的索引文档数目: 700][index.hpp 129]
[NORMAL][日期:2022-7-24 第204天 星期1时间:22:15:22][当前已经建立的索引文档数目: 750][index.hpp 129]
[NORMAL][日期:2022-7-24 第204天 星期1时间:22:15:22][当前已经建立的索引文档数目: 800][index.hpp 129]
[NORMAL][日期:2022-7-24 第204天 星期1时间:22:15:23][当前已经建立的索引文档数目: 850][index.hpp 129]
[NORMAL][日期:2022-7-24 第204天 星期1时间:22:15:23][当前已经建立的索引文档数目: 900][index.hpp 129]
[NORMAL][日期:2022-7-24 第204天 星期1时间:22:15:23][当前已经建立的索引文档数目: 950][index.hpp 129]
[NORMAL][日期:2022-7-24 第204天 星期1时间:22:15:23][当前已经建立的索引文档数目: 1000][index.hpp 129]
[NORMAL][日期:2022-7-24 第204天 星期1时间:22:15:23][当前已经建立的索引文档数目: 1050][index.hpp 129]
[NORMAL][日期:2022-7-24 第204天 星期1时间:22:15:23][当前已经建立的索引文档数目: 1100][index.hpp 129]
[NORMAL][日期:2022-7-24 第204天 星期1时间:22:15:23][当前已经建立的索引文档数目: 1150][index.hpp 129]
[NORMAL][日期:2022-7-24 第204天 星期1时间:22:15:24][当前已经建立的索引文档数目: 1200][index.hpp 129]
[NORMAL][日期:2022-7-24 第204天 星期1时间:22:15:24][当前已经建立的索引文档数目: 1250][index.hpp 129]
[NORMAL][日期:2022-7-24 第204天 星期1时间:22:15:24][当前已经建立的索引文档数目: 1300][index.hpp 129]
[NORMAL][日期:2022-7-24 第204天 星期1时间:22:15:24][当前已经建立的索引文档数目: 1350][index.hpp 129]
[NORMAL][日期:2022-7-24 第204天 星期1时间:22:15:24][当前已经建立的索引文档数目: 1400][index.hpp 129]
[NORMAL][日期:2022-7-24 第204天 星期1时间:22:15:24][当前已经建立的索引文档数目: 1450][index.hpp 129]
[NORMAL][日期:2022-7-24 第204天 星期1时间:22:15:24][当前已经建立的索引文档数目: 1500][index.hpp 129]
[NORMAL][日期:2022-7-24 第204天 星期1时间:22:15:24][当前已经建立的索引文档数目: 1550][index.hpp 129]
[NORMAL][日期:2022-7-24 第204天 星期1时间:22:15:24][当前已经建立的索引文档数目: 1600][index.hpp 129]
[NORMAL][日期:2022-7-24 第204天 星期1时间:22:15:24][当前已经建立的索引文档数目: 1650][index.hpp 129]
[NORMAL][日期:2022-7-24 第204天 星期1时间:22:15:24][当前已经建立的索引文档数目: 1700][index.hpp 129]
[NORMAL][日期:2022-7-24 第204天 星期1时间:22:15:24][当前已经建立的索引文档数目: 1750][index.hpp 129]
[NORMAL][日期:2022-7-24 第204天 星期1时间:22:15:24][当前已经建立的索引文档数目: 1800][index.hpp 129]
[NORMAL][日期:2022-7-24 第204天 星期1时间:22:15:25][当前已经建立的索引文档数目: 1850][index.hpp 129]
[NORMAL][日期:2022-7-24 第204天 星期1时间:22:15:25][当前已经建立的索引文档数目: 1900][index.hpp 129]
[NORMAL][日期:2022-7-24 第204天 星期1时间:22:15:25][当前已经建立的索引文档数目: 1950][index.hpp 129]
[NORMAL][日期:2022-7-24 第204天 星期1时间:22:15:25][当前已经建立的索引文档数目: 2000][index.hpp 129]
[NORMAL][日期:2022-7-24 第204天 星期1时间:22:15:26][当前已经建立的索引文档数目: 2050][index.hpp 129]
[NORMAL][日期:2022-7-24 第204天 星期1时间:22:15:27][当前已经建立的索引文档数目: 2100][index.hpp 129]
[NORMAL][日期:2022-7-24 第204天 星期1时间:22:15:27][当前已经建立的索引文档数目: 2150][index.hpp 129]
[NORMAL][日期:2022-7-24 第204天 星期1时间:22:15:28][当前已经建立的索引文档数目: 2200][index.hpp 129]
[NORMAL][日期:2022-7-24 第204天 星期1时间:22:15:28][当前已经建立的索引文档数目: 2250][index.hpp 129]
[NORMAL][日期:2022-7-24 第204天 星期1时间:22:15:28][当前已经建立的索引文档数目: 2300][index.hpp 129]
[NORMAL][日期:2022-7-24 第204天 星期1时间:22:15:28][当前已经建立的索引文档数目: 2350][index.hpp 129]
[NORMAL][日期:2022-7-24 第204天 星期1时间:22:15:28][当前已经建立的索引文档数目: 2400][index.hpp 129]
[NORMAL][日期:2022-7-24 第204天 星期1时间:22:15:28][当前已经建立的索引文档数目: 2450][index.hpp 129]
[NORMAL][日期:2022-7-24 第204天 星期1时间:22:15:28][当前已经建立的索引文档数目: 2500][index.hpp 129]
[NORMAL][日期:2022-7-24 第204天 星期1时间:22:15:28][当前已经建立的索引文档数目: 2550][index.hpp 129]
[NORMAL][日期:2022-7-24 第204天 星期1时间:22:15:28][当前已经建立的索引文档数目: 2600][index.hpp 129]
[NORMAL][日期:2022-7-24 第204天 星期1时间:22:15:28][当前已经建立的索引文档数目: 2650][index.hpp 129]
[NORMAL][日期:2022-7-24 第204天 星期1时间:22:15:28][当前已经建立的索引文档数目: 2700][index.hpp 129]
[NORMAL][日期:2022-7-24 第204天 星期1时间:22:15:29][当前已经建立的索引文档数目: 2750][index.hpp 129]
[NORMAL][日期:2022-7-24 第204天 星期1时间:22:15:29][当前已经建立的索引文档数目: 2800][index.hpp 129]
[NORMAL][日期:2022-7-24 第204天 星期1时间:22:15:29][当前已经建立的索引文档数目: 2850][index.hpp 129]
[NORMAL][日期:2022-7-24 第204天 星期1时间:22:15:30][当前已经建立的索引文档数目: 2900][index.hpp 129]
[NORMAL][日期:2022-7-24 第204天 星期1时间:22:15:30][当前已经建立的索引文档数目: 2950][index.hpp 129]
[NORMAL][日期:2022-7-24 第204天 星期1时间:22:15:31][当前已经建立的索引文档数目: 3000][index.hpp 129]
[NORMAL][日期:2022-7-24 第204天 星期1时间:22:15:31][当前已经建立的索引文档数目: 3050][index.hpp 129]
[NORMAL][日期:2022-7-24 第204天 星期1时间:22:15:31][当前已经建立的索引文档数目: 3100][index.hpp 129]
[NORMAL][日期:2022-7-24 第204天 星期1时间:22:15:31][当前已经建立的索引文档数目: 3150][index.hpp 129]
[NORMAL][日期:2022-7-24 第204天 星期1时间:22:15:31][当前已经建立的索引文档数目: 3200][index.hpp 129]
[NORMAL][日期:2022-7-24 第204天 星期1时间:22:15:31][当前已经建立的索引文档数目: 3250][index.hpp 129]
[NORMAL][日期:2022-7-24 第204天 星期1时间:22:15:31][当前已经建立的索引文档数目: 3300][index.hpp 129]
[NORMAL][日期:2022-7-24 第204天 星期1时间:22:15:31][当前已经建立的索引文档数目: 3350][index.hpp 129]
[NORMAL][日期:2022-7-24 第204天 星期1时间:22:15:31][当前已经建立的索引文档数目: 3400][index.hpp 129]
[NORMAL][日期:2022-7-24 第204天 星期1时间:22:15:32][当前已经建立的索引文档数目: 3450][index.hpp 129]
[NORMAL][日期:2022-7-24 第204天 星期1时间:22:15:32][当前已经建立的索引文档数目: 3500][index.hpp 129]
[NORMAL][日期:2022-7-24 第204天 星期1时间:22:15:32][当前已经建立的索引文档数目: 3550][index.hpp 129]
[NORMAL][日期:2022-7-24 第204天 星期1时间:22:15:32][当前已经建立的索引文档数目: 3600][index.hpp 129]
[NORMAL][日期:2022-7-24 第204天 星期1时间:22:15:33][当前已经建立的索引文档数目: 3650][index.hpp 129]
[NORMAL][日期:2022-7-24 第204天 星期1时间:22:15:33][当前已经建立的索引文档数目: 3700][index.hpp 129]
[NORMAL][日期:2022-7-24 第204天 星期1时间:22:15:33][当前已经建立的索引文档数目: 3750][index.hpp 129]
[NORMAL][日期:2022-7-24 第204天 星期1时间:22:15:33][当前已经建立的索引文档数目: 3800][index.hpp 129]
[NORMAL][日期:2022-7-24 第204天 星期1时间:22:15:33][当前已经建立的索引文档数目: 3850][index.hpp 129]
[NORMAL][日期:2022-7-24 第204天 星期1时间:22:15:33][当前已经建立的索引文档数目: 3900][index.hpp 129]
[NORMAL][日期:2022-7-24 第204天 星期1时间:22:15:33][当前已经建立的索引文档数目: 3950][index.hpp 129]
[NORMAL][日期:2022-7-24 第204天 星期1时间:22:15:33][当前已经建立的索引文档数目: 4000][index.hpp 129]
[NORMAL][日期:2022-7-24 第204天 星期1时间:22:15:34][当前已经建立的索引文档数目: 4050][index.hpp 129]
[NORMAL][日期:2022-7-24 第204天 星期1时间:22:15:34][当前已经建立的索引文档数目: 4100][index.hpp 129]
[NORMAL][日期:2022-7-24 第204天 星期1时间:22:15:34][当前已经建立的索引文档数目: 4150][index.hpp 129]
[NORMAL][日期:2022-7-24 第204天 星期1时间:22:15:34][当前已经建立的索引文档数目: 4200][index.hpp 129]
[NORMAL][日期:2022-7-24 第204天 星期1时间:22:15:34][当前已经建立的索引文档数目: 4250][index.hpp 129]
[NORMAL][日期:2022-7-24 第204天 星期1时间:22:15:34][当前已经建立的索引文档数目: 4300][index.hpp 129]
[NORMAL][日期:2022-7-24 第204天 星期1时间:22:15:34][当前已经建立的索引文档数目: 4350][index.hpp 129]
[NORMAL][日期:2022-7-24 第204天 星期1时间:22:15:34][当前已经建立的索引文档数目: 4400][index.hpp 129]
[NORMAL][日期:2022-7-24 第204天 星期1时间:22:15:35][当前已经建立的索引文档数目: 4450][index.hpp 129]
[NORMAL][日期:2022-7-24 第204天 星期1时间:22:15:35][当前已经建立的索引文档数目: 4500][index.hpp 129]
[NORMAL][日期:2022-7-24 第204天 星期1时间:22:15:35][当前已经建立的索引文档数目: 4550][index.hpp 129]
[NORMAL][日期:2022-7-24 第204天 星期1时间:22:15:35][当前已经建立的索引文档数目: 4600][index.hpp 129]
[NORMAL][日期:2022-7-24 第204天 星期1时间:22:15:35][当前已经建立的索引文档数目: 4650][index.hpp 129]
[NORMAL][日期:2022-7-24 第204天 星期1时间:22:15:35][当前已经建立的索引文档数目: 4700][index.hpp 129]
[NORMAL][日期:2022-7-24 第204天 星期1时间:22:15:35][当前已经建立的索引文档数目: 4750][index.hpp 129]
[NORMAL][日期:2022-7-24 第204天 星期1时间:22:15:35][当前已经建立的索引文档数目: 4800][index.hpp 129]
[NORMAL][日期:2022-7-24 第204天 星期1时间:22:15:35][当前已经建立的索引文档数目: 4850][index.hpp 129]
[NORMAL][日期:2022-7-24 第204天 星期1时间:22:15:35][当前已经建立的索引文档数目: 4900][index.hpp 129]
[NORMAL][日期:2022-7-24 第204天 星期1时间:22:15:36][当前已经建立的索引文档数目: 4950][index.hpp 129]
[NORMAL][日期:2022-7-24 第204天 星期1时间:22:15:36][当前已经建立的索引文档数目: 5000][index.hpp 129]
[NORMAL][日期:2022-7-24 第204天 星期1时间:22:15:36][当前已经建立的索引文档数目: 5050][index.hpp 129]
[NORMAL][日期:2022-7-24 第204天 星期1时间:22:15:36][当前已经建立的索引文档数目: 5100][index.hpp 129]
[NORMAL][日期:2022-7-24 第204天 星期1时间:22:15:36][当前已经建立的索引文档数目: 5150][index.hpp 129]
[NORMAL][日期:2022-7-24 第204天 星期1时间:22:15:36][当前已经建立的索引文档数目: 5200][index.hpp 129]
[NORMAL][日期:2022-7-24 第204天 星期1时间:22:15:36][当前已经建立的索引文档数目: 5250][index.hpp 129]
[NORMAL][日期:2022-7-24 第204天 星期1时间:22:15:36][当前已经建立的索引文档数目: 5300][index.hpp 129]
[NORMAL][日期:2022-7-24 第204天 星期1时间:22:15:37][当前已经建立的索引文档数目: 5350][index.hpp 129]
[NORMAL][日期:2022-7-24 第204天 星期1时间:22:15:37][当前已经建立的索引文档数目: 5400][index.hpp 129]
[NORMAL][日期:2022-7-24 第204天 星期1时间:22:15:37][当前已经建立的索引文档数目: 5450][index.hpp 129]
[NORMAL][日期:2022-7-24 第204天 星期1时间:22:15:37][当前已经建立的索引文档数目: 5500][index.hpp 129]
[NORMAL][日期:2022-7-24 第204天 星期1时间:22:15:37][当前已经建立的索引文档数目: 5550][index.hpp 129]
[NORMAL][日期:2022-7-24 第204天 星期1时间:22:15:37][当前已经建立的索引文档数目: 5600][index.hpp 129]
[NORMAL][日期:2022-7-24 第204天 星期1时间:22:15:37][当前已经建立的索引文档数目: 5650][index.hpp 129]
[NORMAL][日期:2022-7-24 第204天 星期1时间:22:15:37][当前已经建立的索引文档数目: 5700][index.hpp 129]
[NORMAL][日期:2022-7-24 第204天 星期1时间:22:15:38][当前已经建立的索引文档数目: 5750][index.hpp 129]
[NORMAL][日期:2022-7-24 第204天 星期1时间:22:15:38][当前已经建立的索引文档数目: 5800][index.hpp 129]
[NORMAL][日期:2022-7-24 第204天 星期1时间:22:15:38][当前已经建立的索引文档数目: 5850][index.hpp 129]
[NORMAL][日期:2022-7-24 第204天 星期1时间:22:15:38][当前已经建立的索引文档数目: 5900][index.hpp 129]
[NORMAL][日期:2022-7-24 第204天 星期1时间:22:15:38][当前已经建立的索引文档数目: 5950][index.hpp 129]
[NORMAL][日期:2022-7-24 第204天 星期1时间:22:15:38][当前已经建立的索引文档数目: 6000][index.hpp 129]
[NORMAL][日期:2022-7-24 第204天 星期1时间:22:15:38][当前已经建立的索引文档数目: 6050][index.hpp 129]
[NORMAL][日期:2022-7-24 第204天 星期1时间:22:15:38][当前已经建立的索引文档数目: 6100][index.hpp 129]
[NORMAL][日期:2022-7-24 第204天 星期1时间:22:15:38][当前已经建立的索引文档数目: 6150][index.hpp 129]
[NORMAL][日期:2022-7-24 第204天 星期1时间:22:15:39][当前已经建立的索引文档数目: 6200][index.hpp 129]
[NORMAL][日期:2022-7-24 第204天 星期1时间:22:15:39][当前已经建立的索引文档数目: 6250][index.hpp 129]
[NORMAL][日期:2022-7-24 第204天 星期1时间:22:15:39][当前已经建立的索引文档数目: 6300][index.hpp 129]
[NORMAL][日期:2022-7-24 第204天 星期1时间:22:15:39][当前已经建立的索引文档数目: 6350][index.hpp 129]
[NORMAL][日期:2022-7-24 第204天 星期1时间:22:15:39][当前已经建立的索引文档数目: 6400][index.hpp 129]
[NORMAL][日期:2022-7-24 第204天 星期1时间:22:15:39][当前已经建立的索引文档数目: 6450][index.hpp 129]
[NORMAL][日期:2022-7-24 第204天 星期1时间:22:15:39][当前已经建立的索引文档数目: 6500][index.hpp 129]
[NORMAL][日期:2022-7-24 第204天 星期1时间:22:15:39][当前已经建立的索引文档数目: 6550][index.hpp 129]
[NORMAL][日期:2022-7-24 第204天 星期1时间:22:15:39][当前已经建立的索引文档数目: 6600][index.hpp 129]
[NORMAL][日期:2022-7-24 第204天 星期1时间:22:15:39][当前已经建立的索引文档数目: 6650][index.hpp 129]
[NORMAL][日期:2022-7-24 第204天 星期1时间:22:15:40][当前已经建立的索引文档数目: 6700][index.hpp 129]
[NORMAL][日期:2022-7-24 第204天 星期1时间:22:15:40][当前已经建立的索引文档数目: 6750][index.hpp 129]
[NORMAL][日期:2022-7-24 第204天 星期1时间:22:15:40][当前已经建立的索引文档数目: 6800][index.hpp 129]
[NORMAL][日期:2022-7-24 第204天 星期1时间:22:15:40][当前已经建立的索引文档数目: 6850][index.hpp 129]
[NORMAL][日期:2022-7-24 第204天 星期1时间:22:15:40][当前已经建立的索引文档数目: 6900][index.hpp 129]
[NORMAL][日期:2022-7-24 第204天 星期1时间:22:15:40][当前已经建立的索引文档数目: 6950][index.hpp 129]
[NORMAL][日期:2022-7-24 第204天 星期1时间:22:15:40][当前已经建立的索引文档数目: 7000][index.hpp 129]
[NORMAL][日期:2022-7-24 第204天 星期1时间:22:15:40][当前已经建立的索引文档数目: 7050][index.hpp 129]
[NORMAL][日期:2022-7-24 第204天 星期1时间:22:15:40][当前已经建立的索引文档数目: 7100][index.hpp 129]
[NORMAL][日期:2022-7-24 第204天 星期1时间:22:15:40][当前已经建立的索引文档数目: 7150][index.hpp 129]
[NORMAL][日期:2022-7-24 第204天 星期1时间:22:15:41][当前已经建立的索引文档数目: 7200][index.hpp 129]
[NORMAL][日期:2022-7-24 第204天 星期1时间:22:15:41][当前已经建立的索引文档数目: 7250][index.hpp 129]
[NORMAL][日期:2022-7-24 第204天 星期1时间:22:15:41][当前已经建立的索引文档数目: 7300][index.hpp 129]
[NORMAL][日期:2022-7-24 第204天 星期1时间:22:15:41][当前已经建立的索引文档数目: 7350][index.hpp 129]
[NORMAL][日期:2022-7-24 第204天 星期1时间:22:15:41][当前已经建立的索引文档数目: 7400][index.hpp 129]
[NORMAL][日期:2022-7-24 第204天 星期1时间:22:15:41][当前已经建立的索引文档数目: 7450][index.hpp 129]
[NORMAL][日期:2022-7-24 第204天 星期1时间:22:15:41][当前已经建立的索引文档数目: 7500][index.hpp 129]
[NORMAL][日期:2022-7-24 第204天 星期1时间:22:15:41][当前已经建立的索引文档数目: 7550][index.hpp 129]
[NORMAL][日期:2022-7-24 第204天 星期1时间:22:15:42][当前已经建立的索引文档数目: 7600][index.hpp 129]
[NORMAL][日期:2022-7-24 第204天 星期1时间:22:15:42][当前已经建立的索引文档数目: 7650][index.hpp 129]
[NORMAL][日期:2022-7-24 第204天 星期1时间:22:15:42][当前已经建立的索引文档数目: 7700][index.hpp 129]
[NORMAL][日期:2022-7-24 第204天 星期1时间:22:15:43][当前已经建立的索引文档数目: 7750][index.hpp 129]
[NORMAL][日期:2022-7-24 第204天 星期1时间:22:15:43][当前已经建立的索引文档数目: 7800][index.hpp 129]
[NORMAL][日期:2022-7-24 第204天 星期1时间:22:15:43][当前已经建立的索引文档数目: 7850][index.hpp 129]
[NORMAL][日期:2022-7-24 第204天 星期1时间:22:15:44][当前已经建立的索引文档数目: 7900][index.hpp 129]
[NORMAL][日期:2022-7-24 第204天 星期1时间:22:15:44][当前已经建立的索引文档数目: 7950][index.hpp 129]
[NORMAL][日期:2022-7-24 第204天 星期1时间:22:15:45][当前已经建立的索引文档数目: 8000][index.hpp 129]
[NORMAL][日期:2022-7-24 第204天 星期1时间:22:15:46][当前已经建立的索引文档数目: 8050][index.hpp 129]
[NORMAL][日期:2022-7-24 第204天 星期1时间:22:15:48][当前已经建立的索引文档数目: 8100][index.hpp 129]
[NORMAL][日期:2022-7-24 第204天 星期1时间:22:15:49][建立正排索引和倒排索引成功][searcher.hpp 33]
[NORMAL][日期:2022-7-24 第204天 星期1时间:22:15:49][服务启动成功...][http_server.cc 36]
[NORMAL][日期:2022-7-24 第204天 星期1时间:22:16:32][用户223.104.195.45正在搜索:你好 世界！][http_server.cc 30]
[NORMAL][日期:2022-7-24 第204天 星期1时间:22:16:32][你好关键词在倒排索引中不存在...][index.hpp 81]
[NORMAL][日期:2022-7-24 第204天 星期1时间:22:16:32][世界关键词在倒排索引中不存在...][index.hpp 81]
[NORMAL][日期:2022-7-24 第204天 星期1时间:22:16:32][！关键词在倒排索引中不存在...][index.hpp 81]
[NORMAL][日期:2022-7-24 第204天 星期1时间:22:17:1][用户223.104.195.45正在搜索:hello world][http_server.cc 30]
[NORMAL][日期:2022-7-24 第204天 星期1时间:22:17:28][用户223.104.195.45正在搜索:unordered][http_server.cc 30]
